# JRE version: Java(TM) SE Runtime Environment (8.0_131-b11) (build 1.8.0_131-b11)
# Java VM: Java HotSpot(TM) 64-Bit Server VM (25.131-b11 mixed mode windows-amd64 compressed oops)
Heap:
 PSYoungGen      total 158720K, used 99617K [0x00000000d5d00000, 0x00000000e2000000, 0x0000000100000000)
  eden space 118784K, 67% used [0x00000000d5d00000,0x00000000daad8580,0x00000000dd100000)
  from space 39936K, 49% used [0x00000000dd100000,0x00000000de470058,0x00000000df800000)
  to   space 31744K, 0% used [0x00000000df800000,0x00000000df800000,0x00000000e1700000)
 ParOldGen       total 184832K, used 107425K [0x0000000081600000, 0x000000008ca80000, 0x00000000d5d00000)
  object space 184832K, 58% used [0x0000000081600000,0x0000000087ee8428,0x000000008ca80000)
 Metaspace       used 26016K, capacity 27960K, committed 28160K, reserved 1073152K
  class space    used 3870K, capacity 4235K, committed 4352K, reserved 1048576K
GC Heap History (10 events):
Event: 31.154 GC heap before
{Heap before GC invocations=8 (full 1):
 PSYoungGen      total 83968K, used 79669K [0x00000000d5d00000, 0x00000000dc680000, 0x0000000100000000)
  eden space 64000K, 100% used [0x00000000d5d00000,0x00000000d9b80000,0x00000000d9b80000)
  from space 19968K, 78% used [0x00000000db000000,0x00000000dbf4d7d0,0x00000000dc380000)
  to   space 20992K, 0% used [0x00000000d9b80000,0x00000000d9b80000,0x00000000db000000)
 ParOldGen       total 52224K, used 35944K [0x0000000081600000, 0x0000000084900000, 0x00000000d5d00000)
  object space 52224K, 68% used [0x0000000081600000,0x000000008391a1a0,0x0000000084900000)
 Metaspace       used 26016K, capacity 27960K, committed 28160K, reserved 1073152K
  class space    used 3870K, capacity 4235K, committed 4352K, reserved 1048576K
Event: 31.185 GC heap after
Heap after GC invocations=8 (full 1):
 PSYoungGen      total 84992K, used 20981K [0x00000000d5d00000, 0x00000000e1700000, 0x0000000100000000)
  eden space 64000K, 0% used [0x00000000d5d00000,0x00000000d5d00000,0x00000000d9b80000)
  from space 20992K, 99% used [0x00000000d9b80000,0x00000000daffd7d0,0x00000000db000000)
  to   space 31744K, 0% used [0x00000000df800000,0x00000000df800000,0x00000000e1700000)
 ParOldGen       total 52224K, used 50896K [0x0000000081600000, 0x0000000084900000, 0x00000000d5d00000)
  object space 52224K, 97% used [0x0000000081600000,0x00000000847b41a0,0x0000000084900000)
 Metaspace       used 26016K, capacity 27960K, committed 28160K, reserved 1073152K
  class space    used 3870K, capacity 4235K, committed 4352K, reserved 1048576K
}
Event: 31.185 GC heap before
{Heap before GC invocations=9 (full 2):
 PSYoungGen      total 84992K, used 20981K [0x00000000d5d00000, 0x00000000e1700000, 0x0000000100000000)
  eden space 64000K, 0% used [0x00000000d5d00000,0x00000000d5d00000,0x00000000d9b80000)
  from space 20992K, 99% used [0x00000000d9b80000,0x00000000daffd7d0,0x00000000db000000)
  to   space 31744K, 0% used [0x00000000df800000,0x00000000df800000,0x00000000e1700000)
 ParOldGen       total 52224K, used 50896K [0x0000000081600000, 0x0000000084900000, 0x00000000d5d00000)
  object space 52224K, 97% used [0x0000000081600000,0x00000000847b41a0,0x0000000084900000)
 Metaspace       used 26016K, capacity 27960K, committed 28160K, reserved 1073152K
  class space    used 3870K, capacity 4235K, committed 4352K, reserved 1048576K
Event: 31.696 GC heap after
Heap after GC invocations=9 (full 2):
 PSYoungGen      total 84992K, used 18385K [0x00000000d5d00000, 0x00000000e1700000, 0x0000000100000000)
  eden space 64000K, 0% used [0x00000000d5d00000,0x00000000d5d00000,0x00000000d9b80000)
  from space 20992K, 87% used [0x00000000d9b80000,0x00000000dad74700,0x00000000db000000)
  to   space 31744K, 0% used [0x00000000df800000,0x00000000df800000,0x00000000e1700000)
 ParOldGen       total 107520K, used 51591K [0x0000000081600000, 0x0000000087f00000, 0x00000000d5d00000)
  object space 107520K, 47% used [0x0000000081600000,0x0000000084861f50,0x0000000087f00000)
 Metaspace       used 26016K, capacity 27960K, committed 28160K, reserved 1073152K
  class space    used 3870K, capacity 4235K, committed 4352K, reserved 1048576K
}
Event: 31.759 GC heap before
{Heap before GC invocations=10 (full 2):
 PSYoungGen      total 84992K, used 82385K [0x00000000d5d00000, 0x00000000e1700000, 0x0000000100000000)
  eden space 64000K, 100% used [0x00000000d5d00000,0x00000000d9b80000,0x00000000d9b80000)
  from space 20992K, 87% used [0x00000000d9b80000,0x00000000dad74700,0x00000000db000000)
  to   space 31744K, 0% used [0x00000000df800000,0x00000000df800000,0x00000000e1700000)
 ParOldGen       total 107520K, used 51591K [0x0000000081600000, 0x0000000087f00000, 0x00000000d5d00000)
  object space 107520K, 47% used [0x0000000081600000,0x0000000084861f50,0x0000000087f00000)
 Metaspace       used 26016K, capacity 27960K, committed 28160K, reserved 1073152K
  class space    used 3870K, capacity 4235K, committed 4352K, reserved 1048576K
Event: 31.790 GC heap after
Heap after GC invocations=10 (full 2):
 PSYoungGen      total 150528K, used 31744K [0x00000000d5d00000, 0x00000000e2000000, 0x0000000100000000)
  eden space 118784K, 0% used [0x00000000d5d00000,0x00000000d5d00000,0x00000000dd100000)
  from space 31744K, 100% used [0x00000000df800000,0x00000000e1700000,0x00000000e1700000)
  to   space 39936K, 0% used [0x00000000dd100000,0x00000000dd100000,0x00000000df800000)
 ParOldGen       total 107520K, used 58192K [0x0000000081600000, 0x0000000087f00000, 0x00000000d5d00000)
  object space 107520K, 54% used [0x0000000081600000,0x0000000084ed41e0,0x0000000087f00000)
 Metaspace       used 26016K, capacity 27960K, committed 28160K, reserved 1073152K
  class space    used 3870K, capacity 4235K, committed 4352K, reserved 1048576K
}
Event: 31.959 GC heap before
{Heap before GC invocations=11 (full 2):
 PSYoungGen      total 150528K, used 150528K [0x00000000d5d00000, 0x00000000e2000000, 0x0000000100000000)
  eden space 118784K, 100% used [0x00000000d5d00000,0x00000000dd100000,0x00000000dd100000)
  from space 31744K, 100% used [0x00000000df800000,0x00000000e1700000,0x00000000e1700000)
  to   space 39936K, 0% used [0x00000000dd100000,0x00000000dd100000,0x00000000df800000)
 ParOldGen       total 107520K, used 58192K [0x0000000081600000, 0x0000000087f00000, 0x00000000d5d00000)
  object space 107520K, 54% used [0x0000000081600000,0x0000000084ed41e0,0x0000000087f00000)
 Metaspace       used 26016K, capacity 27960K, committed 28160K, reserved 1073152K
  class space    used 3870K, capacity 4235K, committed 4352K, reserved 1048576K
Event: 32.009 GC heap after
Heap after GC invocations=11 (full 2):
 PSYoungGen      total 158720K, used 39908K [0x00000000d5d00000, 0x00000000e2000000, 0x0000000100000000)
  eden space 118784K, 0% used [0x00000000d5d00000,0x00000000d5d00000,0x00000000dd100000)
  from space 39936K, 99% used [0x00000000dd100000,0x00000000df7f9278,0x00000000df800000)
  to   space 31744K, 0% used [0x00000000df800000,0x00000000df800000,0x00000000e1700000)
 ParOldGen       total 107520K, used 87896K [0x0000000081600000, 0x0000000087f00000, 0x00000000d5d00000)
  object space 107520K, 81% used [0x0000000081600000,0x0000000086bd61e0,0x0000000087f00000)
 Metaspace       used 26016K, capacity 27960K, committed 28160K, reserved 1073152K
  class space    used 3870K, capacity 4235K, committed 4352K, reserved 1048576K
}
Event: 32.009 GC heap before
{Heap before GC invocations=12 (full 3):
 PSYoungGen      total 158720K, used 39908K [0x00000000d5d00000, 0x00000000e2000000, 0x0000000100000000)
  eden space 118784K, 0% used [0x00000000d5d00000,0x00000000d5d00000,0x00000000dd100000)
  from space 39936K, 99% used [0x00000000dd100000,0x00000000df7f9278,0x00000000df800000)
  to   space 31744K, 0% used [0x00000000df800000,0x00000000df800000,0x00000000e1700000)
 ParOldGen       total 107520K, used 87896K [0x0000000081600000, 0x0000000087f00000, 0x00000000d5d00000)
  object space 107520K, 81% used [0x0000000081600000,0x0000000086bd61e0,0x0000000087f00000)
 Metaspace       used 26016K, capacity 27960K, committed 28160K, reserved 1073152K
  class space    used 3870K, capacity 4235K, committed 4352K, reserved 1048576K
Event: 32.759 GC heap after
Heap after GC invocations=12 (full 3):
 PSYoungGen      total 158720K, used 19904K [0x00000000d5d00000, 0x00000000e2000000, 0x0000000100000000)
  eden space 118784K, 0% used [0x00000000d5d00000,0x00000000d5d00000,0x00000000dd100000)
  from space 39936K, 49% used [0x00000000dd100000,0x00000000de470058,0x00000000df800000)
  to   space 31744K, 0% used [0x00000000df800000,0x00000000df800000,0x00000000e1700000)
 ParOldGen       total 184832K, used 107425K [0x0000000081600000, 0x000000008ca80000, 0x00000000d5d00000)
  object space 184832K, 58% used [0x0000000081600000,0x0000000087ee8428,0x000000008ca80000)
 Metaspace       used 26016K, capacity 27960K, committed 28160K, reserved 1073152K
  class space    used 3870K, capacity 4235K, committed 4352K, reserved 1048576K
}

